Построение начато 11.11.2015 10:44:04.
     1>Проект "C:\Users\User\Desktop\проект Visual Studio 2010 _ menu - копия\ssssss\ssssss.vcxproj" в узле 2 (целевые объекты build).
     1>InitializeBuildStatus:
         Создание "Debug\Mario.unsuccessfulbuild", так как было задано "AlwaysCreate".
       ClCompile:
         C:\Program Files (x86)\Microsoft Visual Studio 10.0\VC\bin\CL.exe /c /I"C:\SFML-2.1\include" /ZI /nologo /W3 /WX- /Od /Oy- /D SFML_STATIC /D _MBCS /Gm /EHsc /RTC1 /MDd /GS /fp:precise /Zc:wchar_t /Zc:forScope /Fo"Debug\\" /Fd"Debug\vc100.pdb" /Gd /TP /analyze- /errorReport:prompt main.cpp
         main.cpp
     1>c:\users\user\desktop\проект visual studio 2010 _ menu - копия\ssssss\main.cpp(12): warning C4067: непредвиденные лексемы за директивой препроцессора, требуется newline
     1>c:\users\user\desktop\проект visual studio 2010 _ menu - копия\ssssss\main.cpp(30): warning C4244: +=: преобразование "double" в "float", возможна потеря данных
     1>c:\users\user\desktop\проект visual studio 2010 _ menu - копия\ssssss\main.cpp(33): warning C4244: +=: преобразование "double" в "float", возможна потеря данных
     1>c:\users\user\desktop\проект visual studio 2010 _ menu - копия\ssssss\main.cpp(45): warning C4244: инициализация: преобразование "float" в "int", возможна потеря данных
     1>c:\users\user\desktop\проект visual studio 2010 _ menu - копия\ssssss\main.cpp(46): warning C4244: инициализация: преобразование "float" в "int", возможна потеря данных
     1>c:\users\user\desktop\проект visual studio 2010 _ menu - копия\ssssss\main.cpp(51): warning C4244: =: преобразование "int" в "float", возможна потеря данных
     1>c:\users\user\desktop\проект visual studio 2010 _ menu - копия\ssssss\main.cpp(53): warning C4244: =: преобразование "int" в "float", возможна потеря данных
     1>c:\users\user\desktop\проект visual studio 2010 _ menu - копия\ssssss\main.cpp(88): warning C4244: аргумент: преобразование "int" в "float", возможна потеря данных
     1>c:\users\user\desktop\проект visual studio 2010 _ menu - копия\ssssss\main.cpp(88): warning C4244: аргумент: преобразование "int" в "float", возможна потеря данных
     1>c:\users\user\desktop\проект visual studio 2010 _ menu - копия\ssssss\main.cpp(95): warning C4244: +=: преобразование "double" в "float", возможна потеря данных
     1>c:\users\user\desktop\проект visual studio 2010 _ menu - копия\ssssss\main.cpp(105): warning C4244: инициализация: преобразование "float" в "int", возможна потеря данных
     1>c:\users\user\desktop\проект visual studio 2010 _ menu - копия\ssssss\main.cpp(106): warning C4244: инициализация: преобразование "float" в "int", возможна потеря данных
     1>c:\users\user\desktop\проект visual studio 2010 _ menu - копия\ssssss\main.cpp(109): warning C4244: =: преобразование "int" в "float", возможна потеря данных
     1>c:\users\user\desktop\проект visual studio 2010 _ menu - копия\ssssss\main.cpp(147): warning C4805: ==: небезопасное смешение типа "float" и типа "bool" в операции
     1>c:\users\user\desktop\проект visual studio 2010 _ menu - копия\ssssss\main.cpp(196): warning C4805: ==: небезопасное смешение типа "float" и типа "bool" в операции
     1>c:\users\user\desktop\проект visual studio 2010 _ menu - копия\ssssss\main.cpp(198): warning C4244: инициализация: преобразование "sf::Int64" в "float", возможна потеря данных
       Link:
         C:\Program Files (x86)\Microsoft Visual Studio 10.0\VC\bin\link.exe /ERRORREPORT:PROMPT /OUT:"C:\Users\User\Desktop\проект Visual Studio 2010 _ menu - копия\Debug\Mario.exe" /NOLOGO /LIBPATH:"C:\SFML-2.1\lib" "sfml-graphics-s-d.lib" "sfml-window-s-d.lib" "sfml-system-s-d.lib" "sfml-audio-s-d.lib" kernel32.lib user32.lib gdi32.lib winspool.lib comdlg32.lib advapi32.lib shell32.lib ole32.lib oleaut32.lib uuid.lib odbc32.lib odbccp32.lib /MANIFEST /ManifestFile:"Debug\Mario.exe.intermediate.manifest" /MANIFESTUAC:"level='asInvoker' uiAccess='false'" /DEBUG /PDB:"C:\Users\User\Desktop\проект Visual Studio 2010 _ menu - копия\Debug\Mario.pdb" /TLBID:1 /DYNAMICBASE /NXCOMPAT /IMPLIB:"C:\Users\User\Desktop\проект Visual Studio 2010 _ menu - копия\Debug\Mario.lib" /MACHINE:X86 Debug\main.obj
         LINK : не найден или не выполнена сборка C:\Users\User\Desktop\проект Visual Studio 2010 _ menu - копия\Debug\Mario.exe при последней инкрементной компоновке; выполняется полная компоновка
     1>sfml-graphics-s-d.lib(Color.cpp.obj) : warning LNK4099: "sfml-graphics-s-d.pdb" PDB не найден с "sfml-graphics-s-d.lib(Color.cpp.obj)" или на "C:\Users\User\Desktop\проект Visual Studio 2010 _ menu - копия\Debug\sfml-graphics-s-d.pdb"; компоновка объекта выполняется как при отсутствии отладочных данных
     1>sfml-graphics-s-d.lib(Font.cpp.obj) : warning LNK4099: "sfml-graphics-s-d.pdb" PDB не найден с "sfml-graphics-s-d.lib(Font.cpp.obj)" или на "C:\Users\User\Desktop\проект Visual Studio 2010 _ menu - копия\Debug\sfml-graphics-s-d.pdb"; компоновка объекта выполняется как при отсутствии отладочных данных
     1>sfml-graphics-s-d.lib(GLCheck.cpp.obj) : warning LNK4099: "sfml-graphics-s-d.pdb" PDB не найден с "sfml-graphics-s-d.lib(GLCheck.cpp.obj)" или на "C:\Users\User\Desktop\проект Visual Studio 2010 _ menu - копия\Debug\sfml-graphics-s-d.pdb"; компоновка объекта выполняется как при отсутствии отладочных данных
     1>sfml-graphics-s-d.lib(Image.cpp.obj) : warning LNK4099: "sfml-graphics-s-d.pdb" PDB не найден с "sfml-graphics-s-d.lib(Image.cpp.obj)" или на "C:\Users\User\Desktop\проект Visual Studio 2010 _ menu - копия\Debug\sfml-graphics-s-d.pdb"; компоновка объекта выполняется как при отсутствии отладочных данных
     1>sfml-graphics-s-d.lib(ImageLoader.cpp.obj) : warning LNK4099: "sfml-graphics-s-d.pdb" PDB не найден с "sfml-graphics-s-d.lib(ImageLoader.cpp.obj)" или на "C:\Users\User\Desktop\проект Visual Studio 2010 _ menu - копия\Debug\sfml-graphics-s-d.pdb"; компоновка объекта выполняется как при отсутствии отладочных данных
     1>sfml-graphics-s-d.lib(RenderStates.cpp.obj) : warning LNK4099: "sfml-graphics-s-d.pdb" PDB не найден с "sfml-graphics-s-d.lib(RenderStates.cpp.obj)" или на "C:\Users\User\Desktop\проект Visual Studio 2010 _ menu - копия\Debug\sfml-graphics-s-d.pdb"; компоновка объекта выполняется как при отсутствии отладочных данных
     1>sfml-graphics-s-d.lib(RenderTarget.cpp.obj) : warning LNK4099: "sfml-graphics-s-d.pdb" PDB не найден с "sfml-graphics-s-d.lib(RenderTarget.cpp.obj)" или на "C:\Users\User\Desktop\проект Visual Studio 2010 _ menu - копия\Debug\sfml-graphics-s-d.pdb"; компоновка объекта выполняется как при отсутствии отладочных данных
     1>sfml-graphics-s-d.lib(RenderWindow.cpp.obj) : warning LNK4099: "sfml-graphics-s-d.pdb" PDB не найден с "sfml-graphics-s-d.lib(RenderWindow.cpp.obj)" или на "C:\Users\User\Desktop\проект Visual Studio 2010 _ menu - копия\Debug\sfml-graphics-s-d.pdb"; компоновка объекта выполняется как при отсутствии отладочных данных
     1>sfml-graphics-s-d.lib(Shader.cpp.obj) : warning LNK4099: "sfml-graphics-s-d.pdb" PDB не найден с "sfml-graphics-s-d.lib(Shader.cpp.obj)" или на "C:\Users\User\Desktop\проект Visual Studio 2010 _ menu - копия\Debug\sfml-graphics-s-d.pdb"; компоновка объекта выполняется как при отсутствии отладочных данных
     1>sfml-graphics-s-d.lib(Texture.cpp.obj) : warning LNK4099: "sfml-graphics-s-d.pdb" PDB не найден с "sfml-graphics-s-d.lib(Texture.cpp.obj)" или на "C:\Users\User\Desktop\проект Visual Studio 2010 _ menu - копия\Debug\sfml-graphics-s-d.pdb"; компоновка объекта выполняется как при отсутствии отладочных данных
     1>sfml-graphics-s-d.lib(TextureSaver.cpp.obj) : warning LNK4099: "sfml-graphics-s-d.pdb" PDB не найден с "sfml-graphics-s-d.lib(TextureSaver.cpp.obj)" или на "C:\Users\User\Desktop\проект Visual Studio 2010 _ menu - копия\Debug\sfml-graphics-s-d.pdb"; компоновка объекта выполняется как при отсутствии отладочных данных
     1>sfml-graphics-s-d.lib(Transform.cpp.obj) : warning LNK4099: "sfml-graphics-s-d.pdb" PDB не найден с "sfml-graphics-s-d.lib(Transform.cpp.obj)" или на "C:\Users\User\Desktop\проект Visual Studio 2010 _ menu - копия\Debug\sfml-graphics-s-d.pdb"; компоновка объекта выполняется как при отсутствии отладочных данных
     1>sfml-graphics-s-d.lib(Transformable.cpp.obj) : warning LNK4099: "sfml-graphics-s-d.pdb" PDB не найден с "sfml-graphics-s-d.lib(Transformable.cpp.obj)" или на "C:\Users\User\Desktop\проект Visual Studio 2010 _ menu - копия\Debug\sfml-graphics-s-d.pdb"; компоновка объекта выполняется как при отсутствии отладочных данных
     1>sfml-graphics-s-d.lib(View.cpp.obj) : warning LNK4099: "sfml-graphics-s-d.pdb" PDB не найден с "sfml-graphics-s-d.lib(View.cpp.obj)" или на "C:\Users\User\Desktop\проект Visual Studio 2010 _ menu - копия\Debug\sfml-graphics-s-d.pdb"; компоновка объекта выполняется как при отсутствии отладочных данных
     1>sfml-graphics-s-d.lib(Vertex.cpp.obj) : warning LNK4099: "sfml-graphics-s-d.pdb" PDB не найден с "sfml-graphics-s-d.lib(Vertex.cpp.obj)" или на "C:\Users\User\Desktop\проект Visual Studio 2010 _ menu - копия\Debug\sfml-graphics-s-d.pdb"; компоновка объекта выполняется как при отсутствии отладочных данных
     1>sfml-graphics-s-d.lib(Sprite.cpp.obj) : warning LNK4099: "sfml-graphics-s-d.pdb" PDB не найден с "sfml-graphics-s-d.lib(Sprite.cpp.obj)" или на "C:\Users\User\Desktop\проект Visual Studio 2010 _ menu - копия\Debug\sfml-graphics-s-d.pdb"; компоновка объекта выполняется как при отсутствии отладочных данных
     1>sfml-graphics-s-d.lib(Text.cpp.obj) : warning LNK4099: "sfml-graphics-s-d.pdb" PDB не найден с "sfml-graphics-s-d.lib(Text.cpp.obj)" или на "C:\Users\User\Desktop\проект Visual Studio 2010 _ menu - копия\Debug\sfml-graphics-s-d.pdb"; компоновка объекта выполняется как при отсутствии отладочных данных
     1>sfml-graphics-s-d.lib(VertexArray.cpp.obj) : warning LNK4099: "sfml-graphics-s-d.pdb" PDB не найден с "sfml-graphics-s-d.lib(VertexArray.cpp.obj)" или на "C:\Users\User\Desktop\проект Visual Studio 2010 _ menu - копия\Debug\sfml-graphics-s-d.pdb"; компоновка объекта выполняется как при отсутствии отладочных данных
     1>sfml-window-s-d.lib(GlContext.cpp.obj) : warning LNK4099: "sfml-window-s-d.pdb" PDB не найден с "sfml-window-s-d.lib(GlContext.cpp.obj)" или на "C:\Users\User\Desktop\проект Visual Studio 2010 _ menu - копия\Debug\sfml-window-s-d.pdb"; компоновка объекта выполняется как при отсутствии отладочных данных
     1>sfml-window-s-d.lib(GlResource.cpp.obj) : warning LNK4099: "sfml-window-s-d.pdb" PDB не найден с "sfml-window-s-d.lib(GlResource.cpp.obj)" или на "C:\Users\User\Desktop\проект Visual Studio 2010 _ menu - копия\Debug\sfml-window-s-d.pdb"; компоновка объекта выполняется как при отсутствии отладочных данных
     1>sfml-window-s-d.lib(JoystickManager.cpp.obj) : warning LNK4099: "sfml-window-s-d.pdb" PDB не найден с "sfml-window-s-d.lib(JoystickManager.cpp.obj)" или на "C:\Users\User\Desktop\проект Visual Studio 2010 _ menu - копия\Debug\sfml-window-s-d.pdb"; компоновка объекта выполняется как при отсутствии отладочных данных
     1>sfml-window-s-d.lib(Keyboard.cpp.obj) : warning LNK4099: "sfml-window-s-d.pdb" PDB не найден с "sfml-window-s-d.lib(Keyboard.cpp.obj)" или на "C:\Users\User\Desktop\проект Visual Studio 2010 _ menu - копия\Debug\sfml-window-s-d.pdb"; компоновка объекта выполняется как при отсутствии отладочных данных
     1>sfml-window-s-d.lib(Mouse.cpp.obj) : warning LNK4099: "sfml-window-s-d.pdb" PDB не найден с "sfml-window-s-d.lib(Mouse.cpp.obj)" или на "C:\Users\User\Desktop\проект Visual Studio 2010 _ menu - копия\Debug\sfml-window-s-d.pdb"; компоновка объекта выполняется как при отсутствии отладочных данных
     1>sfml-window-s-d.lib(VideoMode.cpp.obj) : warning LNK4099: "sfml-window-s-d.pdb" PDB не найден с "sfml-window-s-d.lib(VideoMode.cpp.obj)" или на "C:\Users\User\Desktop\проект Visual Studio 2010 _ menu - копия\Debug\sfml-window-s-d.pdb"; компоновка объекта выполняется как при отсутствии отладочных данных
     1>sfml-window-s-d.lib(Window.cpp.obj) : warning LNK4099: "sfml-window-s-d.pdb" PDB не найден с "sfml-window-s-d.lib(Window.cpp.obj)" или на "C:\Users\User\Desktop\проект Visual Studio 2010 _ menu - копия\Debug\sfml-window-s-d.pdb"; компоновка объекта выполняется как при отсутствии отладочных данных
     1>sfml-window-s-d.lib(WindowImpl.cpp.obj) : warning LNK4099: "sfml-window-s-d.pdb" PDB не найден с "sfml-window-s-d.lib(WindowImpl.cpp.obj)" или на "C:\Users\User\Desktop\проект Visual Studio 2010 _ menu - копия\Debug\sfml-window-s-d.pdb"; компоновка объекта выполняется как при отсутствии отладочных данных
     1>sfml-window-s-d.lib(WglContext.cpp.obj) : warning LNK4099: "sfml-window-s-d.pdb" PDB не найден с "sfml-window-s-d.lib(WglContext.cpp.obj)" или на "C:\Users\User\Desktop\проект Visual Studio 2010 _ menu - копия\Debug\sfml-window-s-d.pdb"; компоновка объекта выполняется как при отсутствии отладочных данных
     1>sfml-window-s-d.lib(InputImpl.cpp.obj) : warning LNK4099: "sfml-window-s-d.pdb" PDB не найден с "sfml-window-s-d.lib(InputImpl.cpp.obj)" или на "C:\Users\User\Desktop\проект Visual Studio 2010 _ menu - копия\Debug\sfml-window-s-d.pdb"; компоновка объекта выполняется как при отсутствии отладочных данных
     1>sfml-window-s-d.lib(JoystickImpl.cpp.obj) : warning LNK4099: "sfml-window-s-d.pdb" PDB не найден с "sfml-window-s-d.lib(JoystickImpl.cpp.obj)" или на "C:\Users\User\Desktop\проект Visual Studio 2010 _ menu - копия\Debug\sfml-window-s-d.pdb"; компоновка объекта выполняется как при отсутствии отладочных данных
     1>sfml-window-s-d.lib(VideoModeImpl.cpp.obj) : warning LNK4099: "sfml-window-s-d.pdb" PDB не найден с "sfml-window-s-d.lib(VideoModeImpl.cpp.obj)" или на "C:\Users\User\Desktop\проект Visual Studio 2010 _ menu - копия\Debug\sfml-window-s-d.pdb"; компоновка объекта выполняется как при отсутствии отладочных данных
     1>sfml-window-s-d.lib(WindowImplWin32.cpp.obj) : warning LNK4099: "sfml-window-s-d.pdb" PDB не найден с "sfml-window-s-d.lib(WindowImplWin32.cpp.obj)" или на "C:\Users\User\Desktop\проект Visual Studio 2010 _ menu - копия\Debug\sfml-window-s-d.pdb"; компоновка объекта выполняется как при отсутствии отладочных данных
     1>sfml-system-s-d.lib(Clock.cpp.obj) : warning LNK4099: "sfml-system-s-d.pdb" PDB не найден с "sfml-system-s-d.lib(Clock.cpp.obj)" или на "C:\Users\User\Desktop\проект Visual Studio 2010 _ menu - копия\Debug\sfml-system-s-d.pdb"; компоновка объекта выполняется как при отсутствии отладочных данных
     1>sfml-system-s-d.lib(Err.cpp.obj) : warning LNK4099: "sfml-system-s-d.pdb" PDB не найден с "sfml-system-s-d.lib(Err.cpp.obj)" или на "C:\Users\User\Desktop\проект Visual Studio 2010 _ menu - копия\Debug\sfml-system-s-d.pdb"; компоновка объекта выполняется как при отсутствии отладочных данных
     1>sfml-system-s-d.lib(Lock.cpp.obj) : warning LNK4099: "sfml-system-s-d.pdb" PDB не найден с "sfml-system-s-d.lib(Lock.cpp.obj)" или на "C:\Users\User\Desktop\проект Visual Studio 2010 _ menu - копия\Debug\sfml-system-s-d.pdb"; компоновка объекта выполняется как при отсутствии отладочных данных
     1>sfml-system-s-d.lib(Mutex.cpp.obj) : warning LNK4099: "sfml-system-s-d.pdb" PDB не найден с "sfml-system-s-d.lib(Mutex.cpp.obj)" или на "C:\Users\User\Desktop\проект Visual Studio 2010 _ menu - копия\Debug\sfml-system-s-d.pdb"; компоновка объекта выполняется как при отсутствии отладочных данных
     1>sfml-system-s-d.lib(Sleep.cpp.obj) : warning LNK4099: "sfml-system-s-d.pdb" PDB не найден с "sfml-system-s-d.lib(Sleep.cpp.obj)" или на "C:\Users\User\Desktop\проект Visual Studio 2010 _ menu - копия\Debug\sfml-system-s-d.pdb"; компоновка объекта выполняется как при отсутствии отладочных данных
     1>sfml-system-s-d.lib(String.cpp.obj) : warning LNK4099: "sfml-system-s-d.pdb" PDB не найден с "sfml-system-s-d.lib(String.cpp.obj)" или на "C:\Users\User\Desktop\проект Visual Studio 2010 _ menu - копия\Debug\sfml-system-s-d.pdb"; компоновка объекта выполняется как при отсутствии отладочных данных
     1>sfml-system-s-d.lib(Thread.cpp.obj) : warning LNK4099: "sfml-system-s-d.pdb" PDB не найден с "sfml-system-s-d.lib(Thread.cpp.obj)" или на "C:\Users\User\Desktop\проект Visual Studio 2010 _ menu - копия\Debug\sfml-system-s-d.pdb"; компоновка объекта выполняется как при отсутствии отладочных данных
     1>sfml-system-s-d.lib(ThreadLocal.cpp.obj) : warning LNK4099: "sfml-system-s-d.pdb" PDB не найден с "sfml-system-s-d.lib(ThreadLocal.cpp.obj)" или на "C:\Users\User\Desktop\проект Visual Studio 2010 _ menu - копия\Debug\sfml-system-s-d.pdb"; компоновка объекта выполняется как при отсутствии отладочных данных
     1>sfml-system-s-d.lib(Time.cpp.obj) : warning LNK4099: "sfml-system-s-d.pdb" PDB не найден с "sfml-system-s-d.lib(Time.cpp.obj)" или на "C:\Users\User\Desktop\проект Visual Studio 2010 _ menu - копия\Debug\sfml-system-s-d.pdb"; компоновка объекта выполняется как при отсутствии отладочных данных
     1>sfml-system-s-d.lib(ClockImpl.cpp.obj) : warning LNK4099: "sfml-system-s-d.pdb" PDB не найден с "sfml-system-s-d.lib(ClockImpl.cpp.obj)" или на "C:\Users\User\Desktop\проект Visual Studio 2010 _ menu - копия\Debug\sfml-system-s-d.pdb"; компоновка объекта выполняется как при отсутствии отладочных данных
     1>sfml-system-s-d.lib(MutexImpl.cpp.obj) : warning LNK4099: "sfml-system-s-d.pdb" PDB не найден с "sfml-system-s-d.lib(MutexImpl.cpp.obj)" или на "C:\Users\User\Desktop\проект Visual Studio 2010 _ menu - копия\Debug\sfml-system-s-d.pdb"; компоновка объекта выполняется как при отсутствии отладочных данных
     1>sfml-system-s-d.lib(SleepImpl.cpp.obj) : warning LNK4099: "sfml-system-s-d.pdb" PDB не найден с "sfml-system-s-d.lib(SleepImpl.cpp.obj)" или на "C:\Users\User\Desktop\проект Visual Studio 2010 _ menu - копия\Debug\sfml-system-s-d.pdb"; компоновка объекта выполняется как при отсутствии отладочных данных
     1>sfml-system-s-d.lib(ThreadImpl.cpp.obj) : warning LNK4099: "sfml-system-s-d.pdb" PDB не найден с "sfml-system-s-d.lib(ThreadImpl.cpp.obj)" или на "C:\Users\User\Desktop\проект Visual Studio 2010 _ menu - копия\Debug\sfml-system-s-d.pdb"; компоновка объекта выполняется как при отсутствии отладочных данных
     1>sfml-system-s-d.lib(ThreadLocalImpl.cpp.obj) : warning LNK4099: "sfml-system-s-d.pdb" PDB не найден с "sfml-system-s-d.lib(ThreadLocalImpl.cpp.obj)" или на "C:\Users\User\Desktop\проект Visual Studio 2010 _ menu - копия\Debug\sfml-system-s-d.pdb"; компоновка объекта выполняется как при отсутствии отладочных данных
     1>sfml-audio-s-d.lib(ALCheck.cpp.obj) : warning LNK4099: "sfml-audio-s-d.pdb" PDB не найден с "sfml-audio-s-d.lib(ALCheck.cpp.obj)" или на "C:\Users\User\Desktop\проект Visual Studio 2010 _ menu - копия\Debug\sfml-audio-s-d.pdb"; компоновка объекта выполняется как при отсутствии отладочных данных
     1>sfml-audio-s-d.lib(AudioDevice.cpp.obj) : warning LNK4099: "sfml-audio-s-d.pdb" PDB не найден с "sfml-audio-s-d.lib(AudioDevice.cpp.obj)" или на "C:\Users\User\Desktop\проект Visual Studio 2010 _ menu - копия\Debug\sfml-audio-s-d.pdb"; компоновка объекта выполняется как при отсутствии отладочных данных
     1>sfml-audio-s-d.lib(Music.cpp.obj) : warning LNK4099: "sfml-audio-s-d.pdb" PDB не найден с "sfml-audio-s-d.lib(Music.cpp.obj)" или на "C:\Users\User\Desktop\проект Visual Studio 2010 _ menu - копия\Debug\sfml-audio-s-d.pdb"; компоновка объекта выполняется как при отсутствии отладочных данных
     1>sfml-audio-s-d.lib(Sound.cpp.obj) : warning LNK4099: "sfml-audio-s-d.pdb" PDB не найден с "sfml-audio-s-d.lib(Sound.cpp.obj)" или на "C:\Users\User\Desktop\проект Visual Studio 2010 _ menu - копия\Debug\sfml-audio-s-d.pdb"; компоновка объекта выполняется как при отсутствии отладочных данных
     1>sfml-audio-s-d.lib(SoundBuffer.cpp.obj) : warning LNK4099: "sfml-audio-s-d.pdb" PDB не найден с "sfml-audio-s-d.lib(SoundBuffer.cpp.obj)" или на "C:\Users\User\Desktop\проект Visual Studio 2010 _ menu - копия\Debug\sfml-audio-s-d.pdb"; компоновка объекта выполняется как при отсутствии отладочных данных
     1>sfml-audio-s-d.lib(SoundFile.cpp.obj) : warning LNK4099: "sfml-audio-s-d.pdb" PDB не найден с "sfml-audio-s-d.lib(SoundFile.cpp.obj)" или на "C:\Users\User\Desktop\проект Visual Studio 2010 _ menu - копия\Debug\sfml-audio-s-d.pdb"; компоновка объекта выполняется как при отсутствии отладочных данных
     1>sfml-audio-s-d.lib(SoundSource.cpp.obj) : warning LNK4099: "sfml-audio-s-d.pdb" PDB не найден с "sfml-audio-s-d.lib(SoundSource.cpp.obj)" или на "C:\Users\User\Desktop\проект Visual Studio 2010 _ menu - копия\Debug\sfml-audio-s-d.pdb"; компоновка объекта выполняется как при отсутствии отладочных данных
     1>sfml-audio-s-d.lib(SoundStream.cpp.obj) : warning LNK4099: "sfml-audio-s-d.pdb" PDB не найден с "sfml-audio-s-d.lib(SoundStream.cpp.obj)" или на "C:\Users\User\Desktop\проект Visual Studio 2010 _ menu - копия\Debug\sfml-audio-s-d.pdb"; компоновка объекта выполняется как при отсутствии отладочных данных
         ssssss.vcxproj -> C:\Users\User\Desktop\проект Visual Studio 2010 _ menu - копия\Debug\Mario.exe
       Manifest:
         C:\Program Files (x86)\Microsoft SDKs\Windows\v7.0A\bin\mt.exe /nologo /verbose /outputresource:"C:\Users\User\Desktop\проект Visual Studio 2010 _ menu - копия\Debug\Mario.exe;#1" /manifest Debug\Mario.exe.intermediate.manifest
       FinalizeBuildStatus:
         Файл "Debug\Mario.unsuccessfulbuild" удаляется.
         Обращение к "Debug\Mario.lastbuildstate".
     1>Построение проекта "C:\Users\User\Desktop\проект Visual Studio 2010 _ menu - копия\ssssss\ssssss.vcxproj" завершено (целевые объекты build).

Построение успешно завершено.

Затраченное время: 00:00:08.87
